<?xml version="1.0" encoding="UTF-8"?>
<!-- Generated by org.testng.reporters.JUnitReportReporter -->
<testsuite hostname="Akash" failures="0" tests="1" name="testCases.TC_001_AccountRegistrationTest" time="25.368" errors="0" timestamp="2023-12-28T18:55:33 IST" skipped="0">
  <testcase classname="testCases.TC_001_AccountRegistrationTest" name="test_Account_Registration" time="25.368"/>
  <system-out/>
</testsuite> <!-- testCases.TC_001_AccountRegistrationTest -->
