<?xml version="1.0" encoding="UTF-8"?>
<!-- Generated by org.testng.reporters.JUnitReportReporter -->
<testsuite hostname="Akash" failures="0" tests="1" name="testCases.TC_002_ForgottenPassword" time="10.433" errors="0" timestamp="2023-12-28T18:57:17 IST" skipped="0">
  <testcase classname="testCases.TC_002_ForgottenPassword" name="test_Forgotten_Password" time="10.433"/>
  <system-out/>
</testsuite> <!-- testCases.TC_002_ForgottenPassword -->
